TN:
SF:database-pg.js
FN:11,(anonymous_0)
FN:30,(anonymous_1)
FNF:2
FNH:1
FNDA:1,(anonymous_0)
FNDA:0,(anonymous_1)
DA:1,1
DA:2,1
DA:4,1
DA:11,1
DA:12,1
DA:14,1
DA:15,0
DA:16,0
DA:18,0
DA:19,0
DA:22,0
DA:25,1
DA:26,1
DA:30,1
DA:31,0
DA:42,0
DA:43,0
DA:44,0
DA:46,0
DA:50,1
LF:20
LH:10
BRF:0
BRH:0
end_of_record
TN:
SF:server.js
FN:41,(anonymous_0)
FN:47,(anonymous_1)
FN:60,(anonymous_2)
FN:68,(anonymous_3)
FN:79,(anonymous_4)
FN:86,(anonymous_5)
FN:88,(anonymous_6)
FN:94,(anonymous_7)
FN:96,(anonymous_8)
FNF:9
FNH:2
FNDA:3,(anonymous_0)
FNDA:1,(anonymous_1)
FNDA:0,(anonymous_2)
FNDA:0,(anonymous_3)
FNDA:0,(anonymous_4)
FNDA:0,(anonymous_5)
FNDA:0,(anonymous_6)
FNDA:0,(anonymous_7)
FNDA:0,(anonymous_8)
DA:1,1
DA:2,1
DA:3,1
DA:4,1
DA:5,1
DA:7,1
DA:8,1
DA:11,1
DA:14,1
DA:17,1
DA:20,1
DA:28,1
DA:31,1
DA:37,1
DA:38,1
DA:41,1
DA:42,3
DA:43,3
DA:47,1
DA:48,1
DA:57,1
DA:60,1
DA:61,0
DA:68,1
DA:69,0
DA:71,0
DA:78,1
DA:79,1
DA:80,0
DA:81,0
DA:82,0
DA:86,1
DA:87,0
DA:88,0
DA:89,0
DA:90,0
DA:94,1
DA:95,0
DA:96,0
DA:97,0
DA:98,0
DA:102,1
LF:42
LH:28
BRDA:32,0,0,1
BRDA:32,0,1,0
BRDA:52,1,0,1
BRDA:52,1,1,0
BRDA:71,2,0,0
BRDA:71,2,1,0
BRDA:73,3,0,0
BRDA:73,3,1,0
BRDA:78,4,0,1
BRDA:78,4,1,0
BRDA:80,5,0,0
BRDA:80,5,1,0
BRF:12
BRH:3
end_of_record
TN:
SF:models\TaskPG.js
FN:4,(anonymous_0)
FN:21,(anonymous_1)
FN:26,(anonymous_2)
FN:32,(anonymous_3)
FN:43,(anonymous_4)
FN:61,(anonymous_5)
FN:72,(anonymous_6)
FNF:7
FNH:2
FNDA:1,(anonymous_0)
FNDA:1,(anonymous_1)
FNDA:0,(anonymous_2)
FNDA:0,(anonymous_3)
FNDA:0,(anonymous_4)
FNDA:0,(anonymous_5)
FNDA:0,(anonymous_6)
DA:1,1
DA:5,1
DA:6,1
DA:11,1
DA:13,1
DA:14,1
DA:15,0
DA:17,1
DA:22,1
DA:24,1
DA:25,1
DA:26,0
DA:28,1
DA:33,0
DA:35,0
DA:36,0
DA:37,0
DA:39,0
DA:44,0
DA:45,0
DA:51,0
DA:53,0
DA:54,0
DA:55,0
DA:57,0
DA:62,0
DA:64,0
DA:65,0
DA:66,0
DA:68,0
DA:73,0
DA:84,1
LF:32
LH:12
BRDA:5,0,0,0
BRDA:37,1,0,0
BRDA:37,1,1,0
BRDA:55,2,0,0
BRDA:55,2,1,0
BRDA:66,3,0,0
BRDA:66,3,1,0
BRDA:76,4,0,0
BRDA:76,4,1,0
BRF:9
BRH:0
end_of_record
TN:
SF:routes\tasks-pg.js
FN:6,(anonymous_0)
FN:21,(anonymous_1)
FN:47,(anonymous_2)
FN:61,(anonymous_3)
FN:89,(anonymous_4)
FN:115,(anonymous_5)
FN:156,(anonymous_6)
FN:192,(anonymous_7)
FNF:8
FNH:4
FNDA:2,(anonymous_0)
FNDA:1,(anonymous_1)
FNDA:1,(anonymous_2)
FNDA:0,(anonymous_3)
FNDA:1,(anonymous_4)
FNDA:0,(anonymous_5)
FNDA:0,(anonymous_6)
FNDA:0,(anonymous_7)
DA:1,1
DA:2,1
DA:4,1
DA:6,1
DA:7,2
DA:8,0
DA:14,2
DA:21,1
DA:22,1
DA:24,1
DA:25,0
DA:27,1
DA:28,1
DA:29,0
DA:31,1
DA:32,0
DA:36,1
DA:37,0
DA:40,1
DA:41,0
DA:44,1
DA:47,1
DA:48,1
DA:49,1
DA:51,0
DA:57,1
DA:61,1
DA:62,0
DA:63,0
DA:64,0
DA:65,0
DA:71,0
DA:73,0
DA:74,0
DA:80,0
DA:85,0
DA:89,1
DA:90,1
DA:91,1
DA:92,1
DA:93,0
DA:99,1
DA:105,0
DA:111,1
DA:115,1
DA:116,0
DA:117,0
DA:118,0
DA:119,0
DA:125,0
DA:126,0
DA:127,0
DA:133,0
DA:139,0
DA:140,0
DA:146,0
DA:152,0
DA:156,1
DA:157,0
DA:158,0
DA:159,0
DA:160,0
DA:166,0
DA:168,0
DA:169,0
DA:175,0
DA:176,0
DA:182,0
DA:188,0
DA:192,1
DA:193,0
DA:194,0
DA:195,0
DA:196,0
DA:202,0
DA:204,0
DA:205,0
DA:211,0
DA:217,0
DA:221,1
LF:80
LH:30
BRDA:7,0,0,0
BRDA:7,0,1,2
BRDA:7,1,0,2
BRDA:7,1,1,2
BRDA:7,1,2,2
BRDA:24,2,0,0
BRDA:24,2,1,1
BRDA:24,3,0,1
BRDA:24,3,1,1
BRDA:28,4,0,0
BRDA:28,4,1,1
BRDA:31,5,0,0
BRDA:31,5,1,1
BRDA:36,6,0,0
BRDA:36,6,1,1
BRDA:36,7,0,1
BRDA:36,7,1,1
BRDA:40,8,0,0
BRDA:40,8,1,1
BRDA:40,9,0,1
BRDA:40,9,1,1
BRDA:64,10,0,0
BRDA:64,10,1,0
BRDA:73,11,0,0
BRDA:73,11,1,0
BRDA:92,12,0,0
BRDA:92,12,1,1
BRDA:101,13,0,1
BRDA:101,13,1,0
BRDA:102,14,0,1
BRDA:102,14,1,0
BRDA:118,15,0,0
BRDA:118,15,1,0
BRDA:126,16,0,0
BRDA:126,16,1,0
BRDA:135,17,0,0
BRDA:135,17,1,0
BRDA:136,18,0,0
BRDA:136,18,1,0
BRDA:139,19,0,0
BRDA:139,19,1,0
BRDA:159,20,0,0
BRDA:159,20,1,0
BRDA:168,21,0,0
BRDA:168,21,1,0
BRDA:175,22,0,0
BRDA:175,22,1,0
BRDA:195,23,0,0
BRDA:195,23,1,0
BRDA:204,24,0,0
BRDA:204,24,1,0
BRF:51
BRH:18
end_of_record
