<?xml version="1.0" encoding="UTF-8"?>
<testsuites name="jest tests" tests="3" failures="0" errors="0" time="0.796">
  <testsuite name="Basic App Tests" errors="0" failures="0" skipped="0" timestamp="2026-05-20T13:19:47" time="0.633" tests="3">
    <testcase classname="Basic App Tests adds 1 + 1 to equal 2" name="Basic App Tests adds 1 + 1 to equal 2" time="0.002">
    </testcase>
    <testcase classname="Basic App Tests string check" name="Basic App Tests string check" time="0">
    </testcase>
    <testcase classname="Basic App Tests array has item" name="Basic App Tests array has item" time="0.001">
    </testcase>
  </testsuite>
</testsuites>