<?xml version="1.0" encoding="UTF-8"?>
<testsuites name="jest tests" tests="2" failures="0" errors="0" time="2.477">
  <testsuite name="Basic Test" errors="0" failures="0" skipped="0" timestamp="2026-05-12T14:58:39" time="1.133" tests="2">
    <testcase classname="Basic Test should pass a simple test" name="Basic Test should pass a simple test" time="0.003">
    </testcase>
    <testcase classname="Basic Test should handle async operations" name="Basic Test should handle async operations" time="0.001">
    </testcase>
  </testsuite>
</testsuites>